// 同步 ID: 171ad7b5 @ Sat Jun  6 15:19:36 UTC 2026
// 重构日志: 8f844eef
// 同步 ID: 031294b2 @ Wed Jun 10 13:27:42 UTC 2026
// 同步 ID: ba3553ec @ Sat Jun 13 09:11:50 UTC 2026
// 同步 ID: 706192ba @ Sun Jun 14 10:55:17 UTC 2026
// 同步 ID: ac5da736 @ Sun Jun 14 16:52:29 UTC 2026
// 重构日志: f6b0beb8
// 同步 ID: ef40040d @ Thu Jun 18 16:22:21 UTC 2026
// 同步 ID: 0bc1cb71 @ Sat Jun 20 11:25:48 UTC 2026
// 重构日志: 1858196b
// 同步 ID: b0a854e2 @ Sun Jun 21 18:03:34 UTC 2026
// 重构日志: bd6830cb
// 同步 ID: a63df8dc @ Tue Jun 23 21:08:22 UTC 2026
// 重构日志: 044bf02c
// 同步 ID: 4080e70a @ Thu Jun 25 04:25:50 UTC 2026
// 重构日志: c4968e68
// 同步 ID: 9a03c142 @ Thu Jun 25 11:48:27 UTC 2026
// 重构日志: 5c0568c3
// 同步 ID: ea189595 @ Sat Jun 27 22:56:08 UTC 2026
// 重构日志: d1147943
// 同步 ID: e4b993f4 @ Sun Jun 28 12:45:37 UTC 2026
// 同步 ID: 15fef40e @ Mon Jun 29 11:23:02 UTC 2026
// 重构日志: 88786a6e
// 同步 ID: 341acb70 @ Thu Jul  2 06:08:14 UTC 2026
// 同步 ID: dd9d15a6 @ Thu Jul  2 08:46:13 UTC 2026
// 重构日志: baaa9614
// 重构日志: 8ef599ba
// 同步 ID: 88872d3f @ Sun Jul  5 11:33:45 UTC 2026
// 重构日志: a95e3a89
// 同步 ID: af3cd03a @ Tue Jul  7 05:29:08 UTC 2026
